#-----------------------------------------------------------
# Vivado v2019.2 (64-bit)
# SW Build 2708876 on Wed Nov  6 21:40:23 MST 2019
# IP Build 2700528 on Thu Nov  7 00:09:20 MST 2019
# Start of session at: Tue Nov  4 08:02:05 2025
# Process ID: 12144
# Current directory: C:/Users/lg501106/Documents/ctrl_sram
# Command line: vivado.exe -gui_launcher_event rodinguilauncherevent13132 C:\Users\lg501106\Documents\ctrl_sram\ctrl_sram.xpr
# Log file: C:/Users/lg501106/Documents/ctrl_sram/vivado.log
# Journal file: C:/Users/lg501106/Documents/ctrl_sram\vivado.jou
#-----------------------------------------------------------
start_gui
open_project C:/Users/lg501106/Documents/ctrl_sram/ctrl_sram.xpr
WARNING: [Board 49-91] Board repository path 'C:/Users/lg501106/AppData/Roaming/Xilinx/Vivado/2019.2/xhub/board_store' does not exist, it will not be used to search board files.
Scanning sources...
Finished scanning sources
WARNING: [filemgmt 56-3] Board Part Repository Path: Could not find the directory 'C:/Users/lg501106/AppData/Roaming/Xilinx/Vivado/2019.2/xhub/board_store'.
INFO: [IP_Flow 19-234] Refreshing IP repositories
INFO: [IP_Flow 19-1704] No user IP repositories specified
INFO: [IP_Flow 19-2313] Loaded Vivado IP repository 'C:/Xilinx/Vivado/2019.2/data/ip'.
open_project: Time (s): cpu = 00:00:21 ; elapsed = 00:00:12 . Memory (MB): peak = 839.285 ; gain = 208.199
update_compile_order -fileset sources_1
file mkdir C:/Users/lg501106/Documents/ctrl_sram/ctrl_sram.srcs/sim_1/new
set_property SOURCE_SET sources_1 [get_filesets sim_1]
close [ open C:/Users/lg501106/Documents/ctrl_sram/ctrl_sram.srcs/sim_1/new/ctrl_sram_tb.vhd w ]
add_files -fileset sim_1 C:/Users/lg501106/Documents/ctrl_sram/ctrl_sram.srcs/sim_1/new/ctrl_sram_tb.vhd
update_compile_order -fileset sim_1
set_property top ctrl_sram [current_fileset]
update_compile_order -fileset sources_1
launch_runs synth_1 -jobs 4
[Tue Nov  4 08:55:34 2025] Launched synth_1...
Run output will be captured here: C:/Users/lg501106/Documents/ctrl_sram/ctrl_sram.runs/synth_1/runme.log
